Determining if the pthread_create exist failed with the following output:
Change Dir: /export/home/urawat/Desktop/TD/build_woLog/CMakeFiles/CMakeTmp

Run Build Command:"/usr/bin/make" "cmTC_40cfb/fast"
/usr/bin/make -f CMakeFiles/cmTC_40cfb.dir/build.make CMakeFiles/cmTC_40cfb.dir/build
make[1]: Entering directory '/export/home/urawat/Desktop/TD/build_woLog/CMakeFiles/CMakeTmp'
Building C object CMakeFiles/cmTC_40cfb.dir/CheckSymbolExists.c.o
/usr/bin/cc    -fPIC    -o CMakeFiles/cmTC_40cfb.dir/CheckSymbolExists.c.o   -c /export/home/urawat/Desktop/TD/build_woLog/CMakeFiles/CMakeTmp/CheckSymbolExists.c
Linking C executable cmTC_40cfb
/usr/bin/cmake -E cmake_link_script CMakeFiles/cmTC_40cfb.dir/link.txt --verbose=1
/usr/bin/cc  -fPIC     CMakeFiles/cmTC_40cfb.dir/CheckSymbolExists.c.o  -o cmTC_40cfb -rdynamic 
CMakeFiles/cmTC_40cfb.dir/CheckSymbolExists.c.o: In function `main':
CheckSymbolExists.c:(.text+0x1b): undefined reference to `pthread_create'
collect2: error: ld returned 1 exit status
CMakeFiles/cmTC_40cfb.dir/build.make:97: recipe for target 'cmTC_40cfb' failed
make[1]: *** [cmTC_40cfb] Error 1
make[1]: Leaving directory '/export/home/urawat/Desktop/TD/build_woLog/CMakeFiles/CMakeTmp'
Makefile:126: recipe for target 'cmTC_40cfb/fast' failed
make: *** [cmTC_40cfb/fast] Error 2

File /export/home/urawat/Desktop/TD/build_woLog/CMakeFiles/CMakeTmp/CheckSymbolExists.c:
/* */
#include <pthread.h>

int main(int argc, char** argv)
{
  (void)argv;
#ifndef pthread_create
  return ((int*)(&pthread_create))[argc];
#else
  (void)argc;
  return 0;
#endif
}

Determining if the function pthread_create exists in the pthreads failed with the following output:
Change Dir: /export/home/urawat/Desktop/TD/build_woLog/CMakeFiles/CMakeTmp

Run Build Command:"/usr/bin/make" "cmTC_20171/fast"
/usr/bin/make -f CMakeFiles/cmTC_20171.dir/build.make CMakeFiles/cmTC_20171.dir/build
make[1]: Entering directory '/export/home/urawat/Desktop/TD/build_woLog/CMakeFiles/CMakeTmp'
Building C object CMakeFiles/cmTC_20171.dir/CheckFunctionExists.c.o
/usr/bin/cc    -fPIC -DCHECK_FUNCTION_EXISTS=pthread_create   -o CMakeFiles/cmTC_20171.dir/CheckFunctionExists.c.o   -c /usr/share/cmake-3.5/Modules/CheckFunctionExists.c
Linking C executable cmTC_20171
/usr/bin/cmake -E cmake_link_script CMakeFiles/cmTC_20171.dir/link.txt --verbose=1
/usr/bin/cc  -fPIC -DCHECK_FUNCTION_EXISTS=pthread_create    CMakeFiles/cmTC_20171.dir/CheckFunctionExists.c.o  -o cmTC_20171 -rdynamic -lpthreads 
/usr/bin/ld: cannot find -lpthreads
collect2: error: ld returned 1 exit status
CMakeFiles/cmTC_20171.dir/build.make:97: recipe for target 'cmTC_20171' failed
make[1]: *** [cmTC_20171] Error 1
make[1]: Leaving directory '/export/home/urawat/Desktop/TD/build_woLog/CMakeFiles/CMakeTmp'
Makefile:126: recipe for target 'cmTC_20171/fast' failed
make: *** [cmTC_20171/fast] Error 2


Determining if the Q_WS_WIN exist failed with the following output:
Change Dir: /export/home/urawat/Desktop/TD/build_woLog/CMakeFiles/CMakeTmp

Run Build Command:"/usr/bin/make" "cmTC_a7b0a/fast"
/usr/bin/make -f CMakeFiles/cmTC_a7b0a.dir/build.make CMakeFiles/cmTC_a7b0a.dir/build
make[1]: Entering directory '/export/home/urawat/Desktop/TD/build_woLog/CMakeFiles/CMakeTmp'
Building CXX object CMakeFiles/cmTC_a7b0a.dir/CheckSymbolExists.cxx.o
/usr/bin/c++    -I/usr/include/qt4   -o CMakeFiles/cmTC_a7b0a.dir/CheckSymbolExists.cxx.o -c /export/home/urawat/Desktop/TD/build_woLog/CMakeFiles/CMakeTmp/CheckSymbolExists.cxx
/export/home/urawat/Desktop/TD/build_woLog/CMakeFiles/CMakeTmp/CheckSymbolExists.cxx: In function ‘int main(int, char**)’:
/export/home/urawat/Desktop/TD/build_woLog/CMakeFiles/CMakeTmp/CheckSymbolExists.cxx:8:19: error: ‘Q_WS_WIN’ was not declared in this scope
   return ((int*)(&Q_WS_WIN))[argc];
                   ^
CMakeFiles/cmTC_a7b0a.dir/build.make:65: recipe for target 'CMakeFiles/cmTC_a7b0a.dir/CheckSymbolExists.cxx.o' failed
make[1]: *** [CMakeFiles/cmTC_a7b0a.dir/CheckSymbolExists.cxx.o] Error 1
make[1]: Leaving directory '/export/home/urawat/Desktop/TD/build_woLog/CMakeFiles/CMakeTmp'
Makefile:126: recipe for target 'cmTC_a7b0a/fast' failed
make: *** [cmTC_a7b0a/fast] Error 2

File /export/home/urawat/Desktop/TD/build_woLog/CMakeFiles/CMakeTmp/CheckSymbolExists.cxx:
/* */
#include <QtCore/qglobal.h>

int main(int argc, char** argv)
{
  (void)argv;
#ifndef Q_WS_WIN
  return ((int*)(&Q_WS_WIN))[argc];
#else
  (void)argc;
  return 0;
#endif
}

Determining if the Q_WS_QWS exist failed with the following output:
Change Dir: /export/home/urawat/Desktop/TD/build_woLog/CMakeFiles/CMakeTmp

Run Build Command:"/usr/bin/make" "cmTC_6b2ad/fast"
/usr/bin/make -f CMakeFiles/cmTC_6b2ad.dir/build.make CMakeFiles/cmTC_6b2ad.dir/build
make[1]: Entering directory '/export/home/urawat/Desktop/TD/build_woLog/CMakeFiles/CMakeTmp'
Building CXX object CMakeFiles/cmTC_6b2ad.dir/CheckSymbolExists.cxx.o
/usr/bin/c++    -I/usr/include/qt4   -o CMakeFiles/cmTC_6b2ad.dir/CheckSymbolExists.cxx.o -c /export/home/urawat/Desktop/TD/build_woLog/CMakeFiles/CMakeTmp/CheckSymbolExists.cxx
/export/home/urawat/Desktop/TD/build_woLog/CMakeFiles/CMakeTmp/CheckSymbolExists.cxx: In function ‘int main(int, char**)’:
/export/home/urawat/Desktop/TD/build_woLog/CMakeFiles/CMakeTmp/CheckSymbolExists.cxx:8:19: error: ‘Q_WS_QWS’ was not declared in this scope
   return ((int*)(&Q_WS_QWS))[argc];
                   ^
CMakeFiles/cmTC_6b2ad.dir/build.make:65: recipe for target 'CMakeFiles/cmTC_6b2ad.dir/CheckSymbolExists.cxx.o' failed
make[1]: *** [CMakeFiles/cmTC_6b2ad.dir/CheckSymbolExists.cxx.o] Error 1
make[1]: Leaving directory '/export/home/urawat/Desktop/TD/build_woLog/CMakeFiles/CMakeTmp'
Makefile:126: recipe for target 'cmTC_6b2ad/fast' failed
make: *** [cmTC_6b2ad/fast] Error 2

File /export/home/urawat/Desktop/TD/build_woLog/CMakeFiles/CMakeTmp/CheckSymbolExists.cxx:
/* */
#include <QtCore/qglobal.h>

int main(int argc, char** argv)
{
  (void)argv;
#ifndef Q_WS_QWS
  return ((int*)(&Q_WS_QWS))[argc];
#else
  (void)argc;
  return 0;
#endif
}

Determining if the Q_WS_MAC exist failed with the following output:
Change Dir: /export/home/urawat/Desktop/TD/build_woLog/CMakeFiles/CMakeTmp

Run Build Command:"/usr/bin/make" "cmTC_c35a0/fast"
/usr/bin/make -f CMakeFiles/cmTC_c35a0.dir/build.make CMakeFiles/cmTC_c35a0.dir/build
make[1]: Entering directory '/export/home/urawat/Desktop/TD/build_woLog/CMakeFiles/CMakeTmp'
Building CXX object CMakeFiles/cmTC_c35a0.dir/CheckSymbolExists.cxx.o
/usr/bin/c++    -I/usr/include/qt4   -o CMakeFiles/cmTC_c35a0.dir/CheckSymbolExists.cxx.o -c /export/home/urawat/Desktop/TD/build_woLog/CMakeFiles/CMakeTmp/CheckSymbolExists.cxx
/export/home/urawat/Desktop/TD/build_woLog/CMakeFiles/CMakeTmp/CheckSymbolExists.cxx: In function ‘int main(int, char**)’:
/export/home/urawat/Desktop/TD/build_woLog/CMakeFiles/CMakeTmp/CheckSymbolExists.cxx:8:19: error: ‘Q_WS_MAC’ was not declared in this scope
   return ((int*)(&Q_WS_MAC))[argc];
                   ^
CMakeFiles/cmTC_c35a0.dir/build.make:65: recipe for target 'CMakeFiles/cmTC_c35a0.dir/CheckSymbolExists.cxx.o' failed
make[1]: *** [CMakeFiles/cmTC_c35a0.dir/CheckSymbolExists.cxx.o] Error 1
make[1]: Leaving directory '/export/home/urawat/Desktop/TD/build_woLog/CMakeFiles/CMakeTmp'
Makefile:126: recipe for target 'cmTC_c35a0/fast' failed
make: *** [cmTC_c35a0/fast] Error 2

File /export/home/urawat/Desktop/TD/build_woLog/CMakeFiles/CMakeTmp/CheckSymbolExists.cxx:
/* */
#include <QtCore/qglobal.h>

int main(int argc, char** argv)
{
  (void)argv;
#ifndef Q_WS_MAC
  return ((int*)(&Q_WS_MAC))[argc];
#else
  (void)argc;
  return 0;
#endif
}

