Performing C++ SOURCE FILE Test COMPILER_SUPPORT_Wshorten64to32 failed with the following output:
Change Dir: /export/home/urawat/Desktop/eigen/build/CMakeFiles/CMakeTmp

Run Build Command:"/usr/bin/make" "cmTC_5c739/fast"
/usr/bin/make -f CMakeFiles/cmTC_5c739.dir/build.make CMakeFiles/cmTC_5c739.dir/build
make[1]: Entering directory '/export/home/urawat/Desktop/eigen/build/CMakeFiles/CMakeTmp'
Building CXX object CMakeFiles/cmTC_5c739.dir/src.cxx.o
/usr/bin/c++     -pedantic -Wall -Wextra -Wundef -Wcast-align -Wchar-subscripts -Wnon-virtual-dtor -Wunused-local-typedefs -Wpointer-arith -Wwrite-strings -Wformat-security -DCOMPILER_SUPPORT_Wshorten64to32 -Werror   -Wshorten-64-to-32 -o CMakeFiles/cmTC_5c739.dir/src.cxx.o -c /export/home/urawat/Desktop/eigen/build/CMakeFiles/CMakeTmp/src.cxx
c++: error: unrecognized command line option '-Wshorten-64-to-32'
CMakeFiles/cmTC_5c739.dir/build.make:65: recipe for target 'CMakeFiles/cmTC_5c739.dir/src.cxx.o' failed
make[1]: *** [CMakeFiles/cmTC_5c739.dir/src.cxx.o] Error 1
make[1]: Leaving directory '/export/home/urawat/Desktop/eigen/build/CMakeFiles/CMakeTmp'
Makefile:126: recipe for target 'cmTC_5c739/fast' failed
make: *** [cmTC_5c739/fast] Error 2

Source file was:
int main() { return 0; }
Performing C++ SOURCE FILE Test COMPILER_SUPPORT_Wenumconversion failed with the following output:
Change Dir: /export/home/urawat/Desktop/eigen/build/CMakeFiles/CMakeTmp

Run Build Command:"/usr/bin/make" "cmTC_37069/fast"
/usr/bin/make -f CMakeFiles/cmTC_37069.dir/build.make CMakeFiles/cmTC_37069.dir/build
make[1]: Entering directory '/export/home/urawat/Desktop/eigen/build/CMakeFiles/CMakeTmp'
Building CXX object CMakeFiles/cmTC_37069.dir/src.cxx.o
/usr/bin/c++     -pedantic -Wall -Wextra -Wundef -Wcast-align -Wchar-subscripts -Wnon-virtual-dtor -Wunused-local-typedefs -Wpointer-arith -Wwrite-strings -Wformat-security -Wlogical-op -DCOMPILER_SUPPORT_Wenumconversion -Werror   -Wenum-conversion -o CMakeFiles/cmTC_37069.dir/src.cxx.o -c /export/home/urawat/Desktop/eigen/build/CMakeFiles/CMakeTmp/src.cxx
c++: error: unrecognized command line option '-Wenum-conversion'
CMakeFiles/cmTC_37069.dir/build.make:65: recipe for target 'CMakeFiles/cmTC_37069.dir/src.cxx.o' failed
make[1]: *** [CMakeFiles/cmTC_37069.dir/src.cxx.o] Error 1
make[1]: Leaving directory '/export/home/urawat/Desktop/eigen/build/CMakeFiles/CMakeTmp'
Makefile:126: recipe for target 'cmTC_37069/fast' failed
make: *** [cmTC_37069/fast] Error 2

Source file was:
int main() { return 0; }
Performing C++ SOURCE FILE Test COMPILER_SUPPORT_Wcpp11extensions failed with the following output:
Change Dir: /export/home/urawat/Desktop/eigen/build/CMakeFiles/CMakeTmp

Run Build Command:"/usr/bin/make" "cmTC_9ba0d/fast"
/usr/bin/make -f CMakeFiles/cmTC_9ba0d.dir/build.make CMakeFiles/cmTC_9ba0d.dir/build
make[1]: Entering directory '/export/home/urawat/Desktop/eigen/build/CMakeFiles/CMakeTmp'
Building CXX object CMakeFiles/cmTC_9ba0d.dir/src.cxx.o
/usr/bin/c++     -pedantic -Wall -Wextra -Wundef -Wcast-align -Wchar-subscripts -Wnon-virtual-dtor -Wunused-local-typedefs -Wpointer-arith -Wwrite-strings -Wformat-security -Wlogical-op -DCOMPILER_SUPPORT_Wcpp11extensions -Werror   -Wc++11-extensions -o CMakeFiles/cmTC_9ba0d.dir/src.cxx.o -c /export/home/urawat/Desktop/eigen/build/CMakeFiles/CMakeTmp/src.cxx
c++: error: unrecognized command line option '-Wc++11-extensions'
CMakeFiles/cmTC_9ba0d.dir/build.make:65: recipe for target 'CMakeFiles/cmTC_9ba0d.dir/src.cxx.o' failed
make[1]: *** [CMakeFiles/cmTC_9ba0d.dir/src.cxx.o] Error 1
make[1]: Leaving directory '/export/home/urawat/Desktop/eigen/build/CMakeFiles/CMakeTmp'
Makefile:126: recipe for target 'cmTC_9ba0d/fast' failed
make: *** [cmTC_9ba0d/fast] Error 2

Source file was:
int main() { return 0; }
Performing C++ SOURCE FILE Test COMPILER_SUPPORT_wd981 failed with the following output:
Change Dir: /export/home/urawat/Desktop/eigen/build/CMakeFiles/CMakeTmp

Run Build Command:"/usr/bin/make" "cmTC_819fe/fast"
/usr/bin/make -f CMakeFiles/cmTC_819fe.dir/build.make CMakeFiles/cmTC_819fe.dir/build
make[1]: Entering directory '/export/home/urawat/Desktop/eigen/build/CMakeFiles/CMakeTmp'
Building CXX object CMakeFiles/cmTC_819fe.dir/src.cxx.o
/usr/bin/c++     -pedantic -Wall -Wextra -Wundef -Wcast-align -Wchar-subscripts -Wnon-virtual-dtor -Wunused-local-typedefs -Wpointer-arith -Wwrite-strings -Wformat-security -Wlogical-op -Wdouble-promotion -Wno-psabi -Wno-variadic-macros -Wno-long-long -fno-check-new -fno-common -fstrict-aliasing -DCOMPILER_SUPPORT_wd981 -Werror   -wd981 -o CMakeFiles/cmTC_819fe.dir/src.cxx.o -c /export/home/urawat/Desktop/eigen/build/CMakeFiles/CMakeTmp/src.cxx
c++: error: unrecognized command line option '-wd981'
CMakeFiles/cmTC_819fe.dir/build.make:65: recipe for target 'CMakeFiles/cmTC_819fe.dir/src.cxx.o' failed
make[1]: *** [CMakeFiles/cmTC_819fe.dir/src.cxx.o] Error 1
make[1]: Leaving directory '/export/home/urawat/Desktop/eigen/build/CMakeFiles/CMakeTmp'
Makefile:126: recipe for target 'cmTC_819fe/fast' failed
make: *** [cmTC_819fe/fast] Error 2

Source file was:
int main() { return 0; }
Performing C++ SOURCE FILE Test COMPILER_SUPPORT_wd2304 failed with the following output:
Change Dir: /export/home/urawat/Desktop/eigen/build/CMakeFiles/CMakeTmp

Run Build Command:"/usr/bin/make" "cmTC_a8fb9/fast"
/usr/bin/make -f CMakeFiles/cmTC_a8fb9.dir/build.make CMakeFiles/cmTC_a8fb9.dir/build
make[1]: Entering directory '/export/home/urawat/Desktop/eigen/build/CMakeFiles/CMakeTmp'
Building CXX object CMakeFiles/cmTC_a8fb9.dir/src.cxx.o
/usr/bin/c++     -pedantic -Wall -Wextra -Wundef -Wcast-align -Wchar-subscripts -Wnon-virtual-dtor -Wunused-local-typedefs -Wpointer-arith -Wwrite-strings -Wformat-security -Wlogical-op -Wdouble-promotion -Wno-psabi -Wno-variadic-macros -Wno-long-long -fno-check-new -fno-common -fstrict-aliasing -DCOMPILER_SUPPORT_wd2304 -Werror   -wd2304 -o CMakeFiles/cmTC_a8fb9.dir/src.cxx.o -c /export/home/urawat/Desktop/eigen/build/CMakeFiles/CMakeTmp/src.cxx
c++: error: unrecognized command line option '-wd2304'
CMakeFiles/cmTC_a8fb9.dir/build.make:65: recipe for target 'CMakeFiles/cmTC_a8fb9.dir/src.cxx.o' failed
make[1]: *** [CMakeFiles/cmTC_a8fb9.dir/src.cxx.o] Error 1
make[1]: Leaving directory '/export/home/urawat/Desktop/eigen/build/CMakeFiles/CMakeTmp'
Makefile:126: recipe for target 'cmTC_a8fb9/fast' failed
make: *** [cmTC_a8fb9/fast] Error 2

Source file was:
int main() { return 0; }
Performing C++ SOURCE FILE Test COMPILER_SUPPORT_STRICTANSI failed with the following output:
Change Dir: /export/home/urawat/Desktop/eigen/build/CMakeFiles/CMakeTmp

Run Build Command:"/usr/bin/make" "cmTC_9a74e/fast"
/usr/bin/make -f CMakeFiles/cmTC_9a74e.dir/build.make CMakeFiles/cmTC_9a74e.dir/build
make[1]: Entering directory '/export/home/urawat/Desktop/eigen/build/CMakeFiles/CMakeTmp'
Building CXX object CMakeFiles/cmTC_9a74e.dir/src.cxx.o
/usr/bin/c++     -pedantic -Wall -Wextra -Wundef -Wcast-align -Wchar-subscripts -Wnon-virtual-dtor -Wunused-local-typedefs -Wpointer-arith -Wwrite-strings -Wformat-security -Wlogical-op -Wdouble-promotion -Wno-psabi -Wno-variadic-macros -Wno-long-long -fno-check-new -fno-common -fstrict-aliasing -DCOMPILER_SUPPORT_STRICTANSI -Werror   -strict-ansi -o CMakeFiles/cmTC_9a74e.dir/src.cxx.o -c /export/home/urawat/Desktop/eigen/build/CMakeFiles/CMakeTmp/src.cxx
c++: error: unrecognized command line option '-strict-ansi'
CMakeFiles/cmTC_9a74e.dir/build.make:65: recipe for target 'CMakeFiles/cmTC_9a74e.dir/src.cxx.o' failed
make[1]: *** [CMakeFiles/cmTC_9a74e.dir/src.cxx.o] Error 1
make[1]: Leaving directory '/export/home/urawat/Desktop/eigen/build/CMakeFiles/CMakeTmp'
Makefile:126: recipe for target 'cmTC_9a74e/fast' failed
make: *** [cmTC_9a74e/fast] Error 2

Source file was:
int main() { return 0; }
Performing C++ SOURCE FILE Test COMPILER_SUPPORT_Qunusedarguments failed with the following output:
Change Dir: /export/home/urawat/Desktop/eigen/build/CMakeFiles/CMakeTmp

Run Build Command:"/usr/bin/make" "cmTC_aea90/fast"
/usr/bin/make -f CMakeFiles/cmTC_aea90.dir/build.make CMakeFiles/cmTC_aea90.dir/build
make[1]: Entering directory '/export/home/urawat/Desktop/eigen/build/CMakeFiles/CMakeTmp'
Building CXX object CMakeFiles/cmTC_aea90.dir/src.cxx.o
/usr/bin/c++     -pedantic -Wall -Wextra -Wundef -Wcast-align -Wchar-subscripts -Wnon-virtual-dtor -Wunused-local-typedefs -Wpointer-arith -Wwrite-strings -Wformat-security -Wlogical-op -Wdouble-promotion -Wno-psabi -Wno-variadic-macros -Wno-long-long -fno-check-new -fno-common -fstrict-aliasing -DCOMPILER_SUPPORT_Qunusedarguments -Werror   -Qunused-arguments -o CMakeFiles/cmTC_aea90.dir/src.cxx.o -c /export/home/urawat/Desktop/eigen/build/CMakeFiles/CMakeTmp/src.cxx
c++: error: unrecognized command line option '-Qunused-arguments'
CMakeFiles/cmTC_aea90.dir/build.make:65: recipe for target 'CMakeFiles/cmTC_aea90.dir/src.cxx.o' failed
make[1]: *** [CMakeFiles/cmTC_aea90.dir/src.cxx.o] Error 1
make[1]: Leaving directory '/export/home/urawat/Desktop/eigen/build/CMakeFiles/CMakeTmp'
Makefile:126: recipe for target 'cmTC_aea90/fast' failed
make: *** [cmTC_aea90/fast] Error 2

Source file was:
int main() { return 0; }
Determining if the Q_WS_WIN exist failed with the following output:
Change Dir: /export/home/urawat/Desktop/eigen/build/CMakeFiles/CMakeTmp

Run Build Command:"/usr/bin/make" "cmTC_98e67/fast"
/usr/bin/make -f CMakeFiles/cmTC_98e67.dir/build.make CMakeFiles/cmTC_98e67.dir/build
make[1]: Entering directory '/export/home/urawat/Desktop/eigen/build/CMakeFiles/CMakeTmp'
Building CXX object CMakeFiles/cmTC_98e67.dir/CheckSymbolExists.cxx.o
/usr/bin/c++    -I/usr/include/qt4  -pedantic -Wall -Wextra -Wundef -Wcast-align -Wchar-subscripts -Wnon-virtual-dtor -Wunused-local-typedefs -Wpointer-arith -Wwrite-strings -Wformat-security -Wlogical-op -Wdouble-promotion -Wno-psabi -Wno-variadic-macros -Wno-long-long -fno-check-new -fno-common -fstrict-aliasing -ansi -O1 -g1    -o CMakeFiles/cmTC_98e67.dir/CheckSymbolExists.cxx.o -c /export/home/urawat/Desktop/eigen/build/CMakeFiles/CMakeTmp/CheckSymbolExists.cxx
/export/home/urawat/Desktop/eigen/build/CMakeFiles/CMakeTmp/CheckSymbolExists.cxx: In function ‘int main(int, char**)’:
/export/home/urawat/Desktop/eigen/build/CMakeFiles/CMakeTmp/CheckSymbolExists.cxx:8:19: error: ‘Q_WS_WIN’ was not declared in this scope
   return ((int*)(&Q_WS_WIN))[argc];
                   ^
CMakeFiles/cmTC_98e67.dir/build.make:65: recipe for target 'CMakeFiles/cmTC_98e67.dir/CheckSymbolExists.cxx.o' failed
make[1]: *** [CMakeFiles/cmTC_98e67.dir/CheckSymbolExists.cxx.o] Error 1
make[1]: Leaving directory '/export/home/urawat/Desktop/eigen/build/CMakeFiles/CMakeTmp'
Makefile:126: recipe for target 'cmTC_98e67/fast' failed
make: *** [cmTC_98e67/fast] Error 2

File /export/home/urawat/Desktop/eigen/build/CMakeFiles/CMakeTmp/CheckSymbolExists.cxx:
/* */
#include <QtCore/qglobal.h>

int main(int argc, char** argv)
{
  (void)argv;
#ifndef Q_WS_WIN
  return ((int*)(&Q_WS_WIN))[argc];
#else
  (void)argc;
  return 0;
#endif
}

Determining if the Q_WS_QWS exist failed with the following output:
Change Dir: /export/home/urawat/Desktop/eigen/build/CMakeFiles/CMakeTmp

Run Build Command:"/usr/bin/make" "cmTC_17156/fast"
/usr/bin/make -f CMakeFiles/cmTC_17156.dir/build.make CMakeFiles/cmTC_17156.dir/build
make[1]: Entering directory '/export/home/urawat/Desktop/eigen/build/CMakeFiles/CMakeTmp'
Building CXX object CMakeFiles/cmTC_17156.dir/CheckSymbolExists.cxx.o
/usr/bin/c++    -I/usr/include/qt4  -pedantic -Wall -Wextra -Wundef -Wcast-align -Wchar-subscripts -Wnon-virtual-dtor -Wunused-local-typedefs -Wpointer-arith -Wwrite-strings -Wformat-security -Wlogical-op -Wdouble-promotion -Wno-psabi -Wno-variadic-macros -Wno-long-long -fno-check-new -fno-common -fstrict-aliasing -ansi -O1 -g1    -o CMakeFiles/cmTC_17156.dir/CheckSymbolExists.cxx.o -c /export/home/urawat/Desktop/eigen/build/CMakeFiles/CMakeTmp/CheckSymbolExists.cxx
/export/home/urawat/Desktop/eigen/build/CMakeFiles/CMakeTmp/CheckSymbolExists.cxx: In function ‘int main(int, char**)’:
/export/home/urawat/Desktop/eigen/build/CMakeFiles/CMakeTmp/CheckSymbolExists.cxx:8:19: error: ‘Q_WS_QWS’ was not declared in this scope
   return ((int*)(&Q_WS_QWS))[argc];
                   ^
CMakeFiles/cmTC_17156.dir/build.make:65: recipe for target 'CMakeFiles/cmTC_17156.dir/CheckSymbolExists.cxx.o' failed
make[1]: *** [CMakeFiles/cmTC_17156.dir/CheckSymbolExists.cxx.o] Error 1
make[1]: Leaving directory '/export/home/urawat/Desktop/eigen/build/CMakeFiles/CMakeTmp'
Makefile:126: recipe for target 'cmTC_17156/fast' failed
make: *** [cmTC_17156/fast] Error 2

File /export/home/urawat/Desktop/eigen/build/CMakeFiles/CMakeTmp/CheckSymbolExists.cxx:
/* */
#include <QtCore/qglobal.h>

int main(int argc, char** argv)
{
  (void)argv;
#ifndef Q_WS_QWS
  return ((int*)(&Q_WS_QWS))[argc];
#else
  (void)argc;
  return 0;
#endif
}

Determining if the Q_WS_MAC exist failed with the following output:
Change Dir: /export/home/urawat/Desktop/eigen/build/CMakeFiles/CMakeTmp

Run Build Command:"/usr/bin/make" "cmTC_7c445/fast"
/usr/bin/make -f CMakeFiles/cmTC_7c445.dir/build.make CMakeFiles/cmTC_7c445.dir/build
make[1]: Entering directory '/export/home/urawat/Desktop/eigen/build/CMakeFiles/CMakeTmp'
Building CXX object CMakeFiles/cmTC_7c445.dir/CheckSymbolExists.cxx.o
/usr/bin/c++    -I/usr/include/qt4  -pedantic -Wall -Wextra -Wundef -Wcast-align -Wchar-subscripts -Wnon-virtual-dtor -Wunused-local-typedefs -Wpointer-arith -Wwrite-strings -Wformat-security -Wlogical-op -Wdouble-promotion -Wno-psabi -Wno-variadic-macros -Wno-long-long -fno-check-new -fno-common -fstrict-aliasing -ansi -O1 -g1    -o CMakeFiles/cmTC_7c445.dir/CheckSymbolExists.cxx.o -c /export/home/urawat/Desktop/eigen/build/CMakeFiles/CMakeTmp/CheckSymbolExists.cxx
/export/home/urawat/Desktop/eigen/build/CMakeFiles/CMakeTmp/CheckSymbolExists.cxx: In function ‘int main(int, char**)’:
/export/home/urawat/Desktop/eigen/build/CMakeFiles/CMakeTmp/CheckSymbolExists.cxx:8:19: error: ‘Q_WS_MAC’ was not declared in this scope
   return ((int*)(&Q_WS_MAC))[argc];
                   ^
CMakeFiles/cmTC_7c445.dir/build.make:65: recipe for target 'CMakeFiles/cmTC_7c445.dir/CheckSymbolExists.cxx.o' failed
make[1]: *** [CMakeFiles/cmTC_7c445.dir/CheckSymbolExists.cxx.o] Error 1
make[1]: Leaving directory '/export/home/urawat/Desktop/eigen/build/CMakeFiles/CMakeTmp'
Makefile:126: recipe for target 'cmTC_7c445/fast' failed
make: *** [cmTC_7c445/fast] Error 2

File /export/home/urawat/Desktop/eigen/build/CMakeFiles/CMakeTmp/CheckSymbolExists.cxx:
/* */
#include <QtCore/qglobal.h>

int main(int argc, char** argv)
{
  (void)argv;
#ifndef Q_WS_MAC
  return ((int*)(&Q_WS_MAC))[argc];
#else
  (void)argc;
  return 0;
#endif
}

Determining if the pthread_create exist failed with the following output:
Change Dir: /export/home/urawat/Desktop/eigen/build/CMakeFiles/CMakeTmp

Run Build Command:"/usr/bin/make" "cmTC_8c411/fast"
/usr/bin/make -f CMakeFiles/cmTC_8c411.dir/build.make CMakeFiles/cmTC_8c411.dir/build
make[1]: Entering directory '/export/home/urawat/Desktop/eigen/build/CMakeFiles/CMakeTmp'
Building C object CMakeFiles/cmTC_8c411.dir/CheckSymbolExists.c.o
/usr/bin/cc     -o CMakeFiles/cmTC_8c411.dir/CheckSymbolExists.c.o   -c /export/home/urawat/Desktop/eigen/build/CMakeFiles/CMakeTmp/CheckSymbolExists.c
Linking C executable cmTC_8c411
/usr/bin/cmake -E cmake_link_script CMakeFiles/cmTC_8c411.dir/link.txt --verbose=1
/usr/bin/cc       CMakeFiles/cmTC_8c411.dir/CheckSymbolExists.c.o  -o cmTC_8c411 -rdynamic 
CMakeFiles/cmTC_8c411.dir/CheckSymbolExists.c.o: In function `main':
CheckSymbolExists.c:(.text+0x16): undefined reference to `pthread_create'
collect2: error: ld returned 1 exit status
CMakeFiles/cmTC_8c411.dir/build.make:97: recipe for target 'cmTC_8c411' failed
make[1]: *** [cmTC_8c411] Error 1
make[1]: Leaving directory '/export/home/urawat/Desktop/eigen/build/CMakeFiles/CMakeTmp'
Makefile:126: recipe for target 'cmTC_8c411/fast' failed
make: *** [cmTC_8c411/fast] Error 2

File /export/home/urawat/Desktop/eigen/build/CMakeFiles/CMakeTmp/CheckSymbolExists.c:
/* */
#include <pthread.h>

int main(int argc, char** argv)
{
  (void)argv;
#ifndef pthread_create
  return ((int*)(&pthread_create))[argc];
#else
  (void)argc;
  return 0;
#endif
}

Determining if the function pthread_create exists in the pthreads failed with the following output:
Change Dir: /export/home/urawat/Desktop/eigen/build/CMakeFiles/CMakeTmp

Run Build Command:"/usr/bin/make" "cmTC_e1b85/fast"
/usr/bin/make -f CMakeFiles/cmTC_e1b85.dir/build.make CMakeFiles/cmTC_e1b85.dir/build
make[1]: Entering directory '/export/home/urawat/Desktop/eigen/build/CMakeFiles/CMakeTmp'
Building C object CMakeFiles/cmTC_e1b85.dir/CheckFunctionExists.c.o
/usr/bin/cc    -DCHECK_FUNCTION_EXISTS=pthread_create   -o CMakeFiles/cmTC_e1b85.dir/CheckFunctionExists.c.o   -c /usr/share/cmake-3.5/Modules/CheckFunctionExists.c
Linking C executable cmTC_e1b85
/usr/bin/cmake -E cmake_link_script CMakeFiles/cmTC_e1b85.dir/link.txt --verbose=1
/usr/bin/cc   -DCHECK_FUNCTION_EXISTS=pthread_create    CMakeFiles/cmTC_e1b85.dir/CheckFunctionExists.c.o  -o cmTC_e1b85 -rdynamic -lpthreads 
/usr/bin/ld: cannot find -lpthreads
collect2: error: ld returned 1 exit status
CMakeFiles/cmTC_e1b85.dir/build.make:97: recipe for target 'cmTC_e1b85' failed
make[1]: *** [cmTC_e1b85] Error 1
make[1]: Leaving directory '/export/home/urawat/Desktop/eigen/build/CMakeFiles/CMakeTmp'
Makefile:126: recipe for target 'cmTC_e1b85/fast' failed
make: *** [cmTC_e1b85/fast] Error 2


