Determining if the pthread_create exist failed with the following output:
Change Dir: /export/home/urawat/Desktop/TD_random/TD_FTLE_build/CMakeFiles/CMakeTmp

Run Build Command:"/usr/bin/make" "cmTC_5ff2d/fast"
/usr/bin/make -f CMakeFiles/cmTC_5ff2d.dir/build.make CMakeFiles/cmTC_5ff2d.dir/build
make[1]: Entering directory '/export/home/urawat/Desktop/TD_random/TD_FTLE_build/CMakeFiles/CMakeTmp'
Building C object CMakeFiles/cmTC_5ff2d.dir/CheckSymbolExists.c.o
/usr/bin/cc    -fPIC    -o CMakeFiles/cmTC_5ff2d.dir/CheckSymbolExists.c.o   -c /export/home/urawat/Desktop/TD_random/TD_FTLE_build/CMakeFiles/CMakeTmp/CheckSymbolExists.c
Linking C executable cmTC_5ff2d
/usr/bin/cmake -E cmake_link_script CMakeFiles/cmTC_5ff2d.dir/link.txt --verbose=1
/usr/bin/cc  -fPIC     CMakeFiles/cmTC_5ff2d.dir/CheckSymbolExists.c.o  -o cmTC_5ff2d -rdynamic 
CMakeFiles/cmTC_5ff2d.dir/CheckSymbolExists.c.o: In function `main':
CheckSymbolExists.c:(.text+0x1b): undefined reference to `pthread_create'
collect2: error: ld returned 1 exit status
CMakeFiles/cmTC_5ff2d.dir/build.make:97: recipe for target 'cmTC_5ff2d' failed
make[1]: *** [cmTC_5ff2d] Error 1
make[1]: Leaving directory '/export/home/urawat/Desktop/TD_random/TD_FTLE_build/CMakeFiles/CMakeTmp'
Makefile:126: recipe for target 'cmTC_5ff2d/fast' failed
make: *** [cmTC_5ff2d/fast] Error 2

File /export/home/urawat/Desktop/TD_random/TD_FTLE_build/CMakeFiles/CMakeTmp/CheckSymbolExists.c:
/* */
#include <pthread.h>

int main(int argc, char** argv)
{
  (void)argv;
#ifndef pthread_create
  return ((int*)(&pthread_create))[argc];
#else
  (void)argc;
  return 0;
#endif
}

Determining if the function pthread_create exists in the pthreads failed with the following output:
Change Dir: /export/home/urawat/Desktop/TD_random/TD_FTLE_build/CMakeFiles/CMakeTmp

Run Build Command:"/usr/bin/make" "cmTC_512e2/fast"
/usr/bin/make -f CMakeFiles/cmTC_512e2.dir/build.make CMakeFiles/cmTC_512e2.dir/build
make[1]: Entering directory '/export/home/urawat/Desktop/TD_random/TD_FTLE_build/CMakeFiles/CMakeTmp'
Building C object CMakeFiles/cmTC_512e2.dir/CheckFunctionExists.c.o
/usr/bin/cc    -fPIC -DCHECK_FUNCTION_EXISTS=pthread_create   -o CMakeFiles/cmTC_512e2.dir/CheckFunctionExists.c.o   -c /usr/share/cmake-3.5/Modules/CheckFunctionExists.c
Linking C executable cmTC_512e2
/usr/bin/cmake -E cmake_link_script CMakeFiles/cmTC_512e2.dir/link.txt --verbose=1
/usr/bin/cc  -fPIC -DCHECK_FUNCTION_EXISTS=pthread_create    CMakeFiles/cmTC_512e2.dir/CheckFunctionExists.c.o  -o cmTC_512e2 -rdynamic -lpthreads 
/usr/bin/ld: cannot find -lpthreads
collect2: error: ld returned 1 exit status
CMakeFiles/cmTC_512e2.dir/build.make:97: recipe for target 'cmTC_512e2' failed
make[1]: *** [cmTC_512e2] Error 1
make[1]: Leaving directory '/export/home/urawat/Desktop/TD_random/TD_FTLE_build/CMakeFiles/CMakeTmp'
Makefile:126: recipe for target 'cmTC_512e2/fast' failed
make: *** [cmTC_512e2/fast] Error 2


Determining if the Q_WS_WIN exist failed with the following output:
Change Dir: /export/home/urawat/Desktop/TD_random/TD_FTLE_build/CMakeFiles/CMakeTmp

Run Build Command:"/usr/bin/make" "cmTC_33bf1/fast"
/usr/bin/make -f CMakeFiles/cmTC_33bf1.dir/build.make CMakeFiles/cmTC_33bf1.dir/build
make[1]: Entering directory '/export/home/urawat/Desktop/TD_random/TD_FTLE_build/CMakeFiles/CMakeTmp'
Building CXX object CMakeFiles/cmTC_33bf1.dir/CheckSymbolExists.cxx.o
/usr/bin/c++    -I/usr/include/qt4   -o CMakeFiles/cmTC_33bf1.dir/CheckSymbolExists.cxx.o -c /export/home/urawat/Desktop/TD_random/TD_FTLE_build/CMakeFiles/CMakeTmp/CheckSymbolExists.cxx
/export/home/urawat/Desktop/TD_random/TD_FTLE_build/CMakeFiles/CMakeTmp/CheckSymbolExists.cxx: In function ‘int main(int, char**)’:
/export/home/urawat/Desktop/TD_random/TD_FTLE_build/CMakeFiles/CMakeTmp/CheckSymbolExists.cxx:8:19: error: ‘Q_WS_WIN’ was not declared in this scope
   return ((int*)(&Q_WS_WIN))[argc];
                   ^
CMakeFiles/cmTC_33bf1.dir/build.make:65: recipe for target 'CMakeFiles/cmTC_33bf1.dir/CheckSymbolExists.cxx.o' failed
make[1]: *** [CMakeFiles/cmTC_33bf1.dir/CheckSymbolExists.cxx.o] Error 1
make[1]: Leaving directory '/export/home/urawat/Desktop/TD_random/TD_FTLE_build/CMakeFiles/CMakeTmp'
Makefile:126: recipe for target 'cmTC_33bf1/fast' failed
make: *** [cmTC_33bf1/fast] Error 2

File /export/home/urawat/Desktop/TD_random/TD_FTLE_build/CMakeFiles/CMakeTmp/CheckSymbolExists.cxx:
/* */
#include <QtCore/qglobal.h>

int main(int argc, char** argv)
{
  (void)argv;
#ifndef Q_WS_WIN
  return ((int*)(&Q_WS_WIN))[argc];
#else
  (void)argc;
  return 0;
#endif
}

Determining if the Q_WS_QWS exist failed with the following output:
Change Dir: /export/home/urawat/Desktop/TD_random/TD_FTLE_build/CMakeFiles/CMakeTmp

Run Build Command:"/usr/bin/make" "cmTC_1515d/fast"
/usr/bin/make -f CMakeFiles/cmTC_1515d.dir/build.make CMakeFiles/cmTC_1515d.dir/build
make[1]: Entering directory '/export/home/urawat/Desktop/TD_random/TD_FTLE_build/CMakeFiles/CMakeTmp'
Building CXX object CMakeFiles/cmTC_1515d.dir/CheckSymbolExists.cxx.o
/usr/bin/c++    -I/usr/include/qt4   -o CMakeFiles/cmTC_1515d.dir/CheckSymbolExists.cxx.o -c /export/home/urawat/Desktop/TD_random/TD_FTLE_build/CMakeFiles/CMakeTmp/CheckSymbolExists.cxx
/export/home/urawat/Desktop/TD_random/TD_FTLE_build/CMakeFiles/CMakeTmp/CheckSymbolExists.cxx: In function ‘int main(int, char**)’:
/export/home/urawat/Desktop/TD_random/TD_FTLE_build/CMakeFiles/CMakeTmp/CheckSymbolExists.cxx:8:19: error: ‘Q_WS_QWS’ was not declared in this scope
   return ((int*)(&Q_WS_QWS))[argc];
                   ^
CMakeFiles/cmTC_1515d.dir/build.make:65: recipe for target 'CMakeFiles/cmTC_1515d.dir/CheckSymbolExists.cxx.o' failed
make[1]: *** [CMakeFiles/cmTC_1515d.dir/CheckSymbolExists.cxx.o] Error 1
make[1]: Leaving directory '/export/home/urawat/Desktop/TD_random/TD_FTLE_build/CMakeFiles/CMakeTmp'
Makefile:126: recipe for target 'cmTC_1515d/fast' failed
make: *** [cmTC_1515d/fast] Error 2

File /export/home/urawat/Desktop/TD_random/TD_FTLE_build/CMakeFiles/CMakeTmp/CheckSymbolExists.cxx:
/* */
#include <QtCore/qglobal.h>

int main(int argc, char** argv)
{
  (void)argv;
#ifndef Q_WS_QWS
  return ((int*)(&Q_WS_QWS))[argc];
#else
  (void)argc;
  return 0;
#endif
}

Determining if the Q_WS_MAC exist failed with the following output:
Change Dir: /export/home/urawat/Desktop/TD_random/TD_FTLE_build/CMakeFiles/CMakeTmp

Run Build Command:"/usr/bin/make" "cmTC_d4bdd/fast"
/usr/bin/make -f CMakeFiles/cmTC_d4bdd.dir/build.make CMakeFiles/cmTC_d4bdd.dir/build
make[1]: Entering directory '/export/home/urawat/Desktop/TD_random/TD_FTLE_build/CMakeFiles/CMakeTmp'
Building CXX object CMakeFiles/cmTC_d4bdd.dir/CheckSymbolExists.cxx.o
/usr/bin/c++    -I/usr/include/qt4   -o CMakeFiles/cmTC_d4bdd.dir/CheckSymbolExists.cxx.o -c /export/home/urawat/Desktop/TD_random/TD_FTLE_build/CMakeFiles/CMakeTmp/CheckSymbolExists.cxx
/export/home/urawat/Desktop/TD_random/TD_FTLE_build/CMakeFiles/CMakeTmp/CheckSymbolExists.cxx: In function ‘int main(int, char**)’:
/export/home/urawat/Desktop/TD_random/TD_FTLE_build/CMakeFiles/CMakeTmp/CheckSymbolExists.cxx:8:19: error: ‘Q_WS_MAC’ was not declared in this scope
   return ((int*)(&Q_WS_MAC))[argc];
                   ^
CMakeFiles/cmTC_d4bdd.dir/build.make:65: recipe for target 'CMakeFiles/cmTC_d4bdd.dir/CheckSymbolExists.cxx.o' failed
make[1]: *** [CMakeFiles/cmTC_d4bdd.dir/CheckSymbolExists.cxx.o] Error 1
make[1]: Leaving directory '/export/home/urawat/Desktop/TD_random/TD_FTLE_build/CMakeFiles/CMakeTmp'
Makefile:126: recipe for target 'cmTC_d4bdd/fast' failed
make: *** [cmTC_d4bdd/fast] Error 2

File /export/home/urawat/Desktop/TD_random/TD_FTLE_build/CMakeFiles/CMakeTmp/CheckSymbolExists.cxx:
/* */
#include <QtCore/qglobal.h>

int main(int argc, char** argv)
{
  (void)argv;
#ifndef Q_WS_MAC
  return ((int*)(&Q_WS_MAC))[argc];
#else
  (void)argc;
  return 0;
#endif
}

