Determining if the pthread_create exist failed with the following output:
Change Dir: /export/home/urawat/Desktop/TD/TD_FTLE_build/CMakeFiles/CMakeTmp

Run Build Command:"/usr/bin/make" "cmTC_036f8/fast"
/usr/bin/make -f CMakeFiles/cmTC_036f8.dir/build.make CMakeFiles/cmTC_036f8.dir/build
make[1]: Entering directory '/export/home/urawat/Desktop/TD/TD_FTLE_build/CMakeFiles/CMakeTmp'
Building C object CMakeFiles/cmTC_036f8.dir/CheckSymbolExists.c.o
/usr/bin/cc    -fPIC    -o CMakeFiles/cmTC_036f8.dir/CheckSymbolExists.c.o   -c /export/home/urawat/Desktop/TD/TD_FTLE_build/CMakeFiles/CMakeTmp/CheckSymbolExists.c
Linking C executable cmTC_036f8
/usr/bin/cmake -E cmake_link_script CMakeFiles/cmTC_036f8.dir/link.txt --verbose=1
/usr/bin/cc  -fPIC     CMakeFiles/cmTC_036f8.dir/CheckSymbolExists.c.o  -o cmTC_036f8 -rdynamic 
CMakeFiles/cmTC_036f8.dir/CheckSymbolExists.c.o: In function `main':
CheckSymbolExists.c:(.text+0x1b): undefined reference to `pthread_create'
collect2: error: ld returned 1 exit status
CMakeFiles/cmTC_036f8.dir/build.make:97: recipe for target 'cmTC_036f8' failed
make[1]: *** [cmTC_036f8] Error 1
make[1]: Leaving directory '/export/home/urawat/Desktop/TD/TD_FTLE_build/CMakeFiles/CMakeTmp'
Makefile:126: recipe for target 'cmTC_036f8/fast' failed
make: *** [cmTC_036f8/fast] Error 2

File /export/home/urawat/Desktop/TD/TD_FTLE_build/CMakeFiles/CMakeTmp/CheckSymbolExists.c:
/* */
#include <pthread.h>

int main(int argc, char** argv)
{
  (void)argv;
#ifndef pthread_create
  return ((int*)(&pthread_create))[argc];
#else
  (void)argc;
  return 0;
#endif
}

Determining if the function pthread_create exists in the pthreads failed with the following output:
Change Dir: /export/home/urawat/Desktop/TD/TD_FTLE_build/CMakeFiles/CMakeTmp

Run Build Command:"/usr/bin/make" "cmTC_c75e7/fast"
/usr/bin/make -f CMakeFiles/cmTC_c75e7.dir/build.make CMakeFiles/cmTC_c75e7.dir/build
make[1]: Entering directory '/export/home/urawat/Desktop/TD/TD_FTLE_build/CMakeFiles/CMakeTmp'
Building C object CMakeFiles/cmTC_c75e7.dir/CheckFunctionExists.c.o
/usr/bin/cc    -fPIC -DCHECK_FUNCTION_EXISTS=pthread_create   -o CMakeFiles/cmTC_c75e7.dir/CheckFunctionExists.c.o   -c /usr/share/cmake-3.5/Modules/CheckFunctionExists.c
Linking C executable cmTC_c75e7
/usr/bin/cmake -E cmake_link_script CMakeFiles/cmTC_c75e7.dir/link.txt --verbose=1
/usr/bin/cc  -fPIC -DCHECK_FUNCTION_EXISTS=pthread_create    CMakeFiles/cmTC_c75e7.dir/CheckFunctionExists.c.o  -o cmTC_c75e7 -rdynamic -lpthreads 
/usr/bin/ld: cannot find -lpthreads
collect2: error: ld returned 1 exit status
CMakeFiles/cmTC_c75e7.dir/build.make:97: recipe for target 'cmTC_c75e7' failed
make[1]: *** [cmTC_c75e7] Error 1
make[1]: Leaving directory '/export/home/urawat/Desktop/TD/TD_FTLE_build/CMakeFiles/CMakeTmp'
Makefile:126: recipe for target 'cmTC_c75e7/fast' failed
make: *** [cmTC_c75e7/fast] Error 2


Determining if the Q_WS_WIN exist failed with the following output:
Change Dir: /export/home/urawat/Desktop/TD/TD_FTLE_build/CMakeFiles/CMakeTmp

Run Build Command:"/usr/bin/make" "cmTC_b6f66/fast"
/usr/bin/make -f CMakeFiles/cmTC_b6f66.dir/build.make CMakeFiles/cmTC_b6f66.dir/build
make[1]: Entering directory '/export/home/urawat/Desktop/TD/TD_FTLE_build/CMakeFiles/CMakeTmp'
Building CXX object CMakeFiles/cmTC_b6f66.dir/CheckSymbolExists.cxx.o
/usr/bin/c++    -I/usr/include/qt4   -o CMakeFiles/cmTC_b6f66.dir/CheckSymbolExists.cxx.o -c /export/home/urawat/Desktop/TD/TD_FTLE_build/CMakeFiles/CMakeTmp/CheckSymbolExists.cxx
/export/home/urawat/Desktop/TD/TD_FTLE_build/CMakeFiles/CMakeTmp/CheckSymbolExists.cxx: In function ‘int main(int, char**)’:
/export/home/urawat/Desktop/TD/TD_FTLE_build/CMakeFiles/CMakeTmp/CheckSymbolExists.cxx:8:19: error: ‘Q_WS_WIN’ was not declared in this scope
   return ((int*)(&Q_WS_WIN))[argc];
                   ^
CMakeFiles/cmTC_b6f66.dir/build.make:65: recipe for target 'CMakeFiles/cmTC_b6f66.dir/CheckSymbolExists.cxx.o' failed
make[1]: *** [CMakeFiles/cmTC_b6f66.dir/CheckSymbolExists.cxx.o] Error 1
make[1]: Leaving directory '/export/home/urawat/Desktop/TD/TD_FTLE_build/CMakeFiles/CMakeTmp'
Makefile:126: recipe for target 'cmTC_b6f66/fast' failed
make: *** [cmTC_b6f66/fast] Error 2

File /export/home/urawat/Desktop/TD/TD_FTLE_build/CMakeFiles/CMakeTmp/CheckSymbolExists.cxx:
/* */
#include <QtCore/qglobal.h>

int main(int argc, char** argv)
{
  (void)argv;
#ifndef Q_WS_WIN
  return ((int*)(&Q_WS_WIN))[argc];
#else
  (void)argc;
  return 0;
#endif
}

Determining if the Q_WS_QWS exist failed with the following output:
Change Dir: /export/home/urawat/Desktop/TD/TD_FTLE_build/CMakeFiles/CMakeTmp

Run Build Command:"/usr/bin/make" "cmTC_9d1af/fast"
/usr/bin/make -f CMakeFiles/cmTC_9d1af.dir/build.make CMakeFiles/cmTC_9d1af.dir/build
make[1]: Entering directory '/export/home/urawat/Desktop/TD/TD_FTLE_build/CMakeFiles/CMakeTmp'
Building CXX object CMakeFiles/cmTC_9d1af.dir/CheckSymbolExists.cxx.o
/usr/bin/c++    -I/usr/include/qt4   -o CMakeFiles/cmTC_9d1af.dir/CheckSymbolExists.cxx.o -c /export/home/urawat/Desktop/TD/TD_FTLE_build/CMakeFiles/CMakeTmp/CheckSymbolExists.cxx
/export/home/urawat/Desktop/TD/TD_FTLE_build/CMakeFiles/CMakeTmp/CheckSymbolExists.cxx: In function ‘int main(int, char**)’:
/export/home/urawat/Desktop/TD/TD_FTLE_build/CMakeFiles/CMakeTmp/CheckSymbolExists.cxx:8:19: error: ‘Q_WS_QWS’ was not declared in this scope
   return ((int*)(&Q_WS_QWS))[argc];
                   ^
CMakeFiles/cmTC_9d1af.dir/build.make:65: recipe for target 'CMakeFiles/cmTC_9d1af.dir/CheckSymbolExists.cxx.o' failed
make[1]: *** [CMakeFiles/cmTC_9d1af.dir/CheckSymbolExists.cxx.o] Error 1
make[1]: Leaving directory '/export/home/urawat/Desktop/TD/TD_FTLE_build/CMakeFiles/CMakeTmp'
Makefile:126: recipe for target 'cmTC_9d1af/fast' failed
make: *** [cmTC_9d1af/fast] Error 2

File /export/home/urawat/Desktop/TD/TD_FTLE_build/CMakeFiles/CMakeTmp/CheckSymbolExists.cxx:
/* */
#include <QtCore/qglobal.h>

int main(int argc, char** argv)
{
  (void)argv;
#ifndef Q_WS_QWS
  return ((int*)(&Q_WS_QWS))[argc];
#else
  (void)argc;
  return 0;
#endif
}

Determining if the Q_WS_MAC exist failed with the following output:
Change Dir: /export/home/urawat/Desktop/TD/TD_FTLE_build/CMakeFiles/CMakeTmp

Run Build Command:"/usr/bin/make" "cmTC_0d86b/fast"
/usr/bin/make -f CMakeFiles/cmTC_0d86b.dir/build.make CMakeFiles/cmTC_0d86b.dir/build
make[1]: Entering directory '/export/home/urawat/Desktop/TD/TD_FTLE_build/CMakeFiles/CMakeTmp'
Building CXX object CMakeFiles/cmTC_0d86b.dir/CheckSymbolExists.cxx.o
/usr/bin/c++    -I/usr/include/qt4   -o CMakeFiles/cmTC_0d86b.dir/CheckSymbolExists.cxx.o -c /export/home/urawat/Desktop/TD/TD_FTLE_build/CMakeFiles/CMakeTmp/CheckSymbolExists.cxx
/export/home/urawat/Desktop/TD/TD_FTLE_build/CMakeFiles/CMakeTmp/CheckSymbolExists.cxx: In function ‘int main(int, char**)’:
/export/home/urawat/Desktop/TD/TD_FTLE_build/CMakeFiles/CMakeTmp/CheckSymbolExists.cxx:8:19: error: ‘Q_WS_MAC’ was not declared in this scope
   return ((int*)(&Q_WS_MAC))[argc];
                   ^
CMakeFiles/cmTC_0d86b.dir/build.make:65: recipe for target 'CMakeFiles/cmTC_0d86b.dir/CheckSymbolExists.cxx.o' failed
make[1]: *** [CMakeFiles/cmTC_0d86b.dir/CheckSymbolExists.cxx.o] Error 1
make[1]: Leaving directory '/export/home/urawat/Desktop/TD/TD_FTLE_build/CMakeFiles/CMakeTmp'
Makefile:126: recipe for target 'cmTC_0d86b/fast' failed
make: *** [cmTC_0d86b/fast] Error 2

File /export/home/urawat/Desktop/TD/TD_FTLE_build/CMakeFiles/CMakeTmp/CheckSymbolExists.cxx:
/* */
#include <QtCore/qglobal.h>

int main(int argc, char** argv)
{
  (void)argv;
#ifndef Q_WS_MAC
  return ((int*)(&Q_WS_MAC))[argc];
#else
  (void)argc;
  return 0;
#endif
}

